2014-05-26T02:19:31+00:00 ERR (3): 
exception 'Mage_Core_Exception' with message 'No se puede recuperar la config. de la entidad: appointments/appointments' in /Applications/MAMP/htdocs/ziente/app/Mage.php:595
Stack trace:
#0 /Applications/MAMP/htdocs/ziente/app/code/core/Mage/Core/Model/Resource.php(272): Mage::throwException('No se puede rec...')
#1 /Applications/MAMP/htdocs/ziente/app/code/core/Mage/Core/Model/Resource/Db/Abstract.php(284): Mage_Core_Model_Resource->getTableName('appointments/ap...')
#2 /Applications/MAMP/htdocs/ziente/app/code/core/Mage/Core/Model/Resource/Db/Abstract.php(247): Mage_Core_Model_Resource_Db_Abstract->getTable('appointments')
#3 /Applications/MAMP/htdocs/ziente/app/code/core/Mage/Core/Model/Resource/Db/Collection/Abstract.php(155): Mage_Core_Model_Resource_Db_Abstract->getMainTable()
#4 /Applications/MAMP/htdocs/ziente/app/code/core/Mage/Core/Model/Resource/Db/Collection/Abstract.php(192): Mage_Core_Model_Resource_Db_Collection_Abstract->getMainTable()
#5 /Applications/MAMP/htdocs/ziente/app/code/core/Mage/Core/Model/Resource/Db/Collection/Abstract.php(135): Mage_Core_Model_Resource_Db_Collection_Abstract->_initSelect()
#6 /Applications/MAMP/htdocs/ziente/app/code/core/Mage/Core/Model/Config.php(1348): Mage_Core_Model_Resource_Db_Collection_Abstract->__construct(Object(Ziente_Appointments_Model_Mysql4_Appointments))
#7 /Applications/MAMP/htdocs/ziente/app/code/core/Mage/Core/Model/Config.php(1380): Mage_Core_Model_Config->getModelInstance('appointments_my...', Object(Ziente_Appointments_Model_Mysql4_Appointments))
#8 /Applications/MAMP/htdocs/ziente/app/Mage.php(491): Mage_Core_Model_Config->getResourceModelInstance('appointments/ap...', Object(Ziente_Appointments_Model_Mysql4_Appointments))
#9 /Applications/MAMP/htdocs/ziente/app/code/core/Mage/Core/Model/Abstract.php(208): Mage::getResourceModel('appointments/ap...', Object(Ziente_Appointments_Model_Mysql4_Appointments))
#10 /Applications/MAMP/htdocs/ziente/app/code/core/Mage/Core/Model/Abstract.php(213): Mage_Core_Model_Abstract->getResourceCollection()
#11 /Applications/MAMP/htdocs/ziente/app/design/frontend/default/ves_fashion/template/page/html/appointment.phtml(11): Mage_Core_Model_Abstract->getCollection()
#12 /Applications/MAMP/htdocs/ziente/app/code/core/Mage/Core/Block/Template.php(241): include('/Applications/M...')
#13 /Applications/MAMP/htdocs/ziente/app/code/core/Mage/Core/Block/Template.php(272): Mage_Core_Block_Template->fetchView('frontend/defaul...')
#14 /Applications/MAMP/htdocs/ziente/app/code/core/Mage/Core/Block/Template.php(286): Mage_Core_Block_Template->renderView()
#15 /Applications/MAMP/htdocs/ziente/app/code/core/Mage/Core/Block/Abstract.php(919): Mage_Core_Block_Template->_toHtml()
#16 /Applications/MAMP/htdocs/ziente/app/code/core/Mage/Core/Model/Email/Template/Filter.php(191): Mage_Core_Block_Abstract->toHtml()
#17 [internal function]: Mage_Core_Model_Email_Template_Filter->blockDirective(Array)
#18 /Applications/MAMP/htdocs/ziente/lib/Varien/Filter/Template.php(134): call_user_func(Array, Array)
#19 /Applications/MAMP/htdocs/ziente/app/code/core/Mage/Core/Model/Email/Template/Filter.php(504): Varien_Filter_Template->filter('<p>{{block type...')
#20 /Applications/MAMP/htdocs/ziente/app/code/core/Mage/Cms/Block/Page.php(101): Mage_Core_Model_Email_Template_Filter->filter('<p>{{block type...')
#21 /Applications/MAMP/htdocs/ziente/app/code/core/Mage/Core/Block/Abstract.php(919): Mage_Cms_Block_Page->_toHtml()
#22 /Applications/MAMP/htdocs/ziente/app/code/core/Mage/Core/Block/Abstract.php(637): Mage_Core_Block_Abstract->toHtml()
#23 /Applications/MAMP/htdocs/ziente/app/code/core/Mage/Core/Block/Abstract.php(577): Mage_Core_Block_Abstract->_getChildHtml('cms_page', true)
#24 /Applications/MAMP/htdocs/ziente/app/code/core/Mage/Page/Block/Html/Wrapper.php(52): Mage_Core_Block_Abstract->getChildHtml('', true, true)
#25 /Applications/MAMP/htdocs/ziente/app/code/core/Mage/Core/Block/Abstract.php(919): Mage_Page_Block_Html_Wrapper->_toHtml()
#26 /Applications/MAMP/htdocs/ziente/app/code/core/Mage/Core/Block/Text/List.php(43): Mage_Core_Block_Abstract->toHtml()
#27 /Applications/MAMP/htdocs/ziente/app/code/core/Mage/Core/Block/Abstract.php(919): Mage_Core_Block_Text_List->_toHtml()
#28 /Applications/MAMP/htdocs/ziente/app/code/core/Mage/Core/Block/Abstract.php(637): Mage_Core_Block_Abstract->toHtml()
#29 /Applications/MAMP/htdocs/ziente/app/code/core/Mage/Core/Block/Abstract.php(581): Mage_Core_Block_Abstract->_getChildHtml('content', true)
#30 /Applications/MAMP/htdocs/ziente/app/code/community/Ves/Tempcp/Helper/Framework.php(672): Mage_Core_Block_Abstract->getChildHtml('content')
#31 /Applications/MAMP/htdocs/ziente/app/design/frontend/default/ves_fashion/template/page/1column.phtml(113): Ves_Tempcp_Helper_Framework->getModulesByPosition('content')
#32 /Applications/MAMP/htdocs/ziente/app/code/core/Mage/Core/Block/Template.php(241): include('/Applications/M...')
#33 /Applications/MAMP/htdocs/ziente/app/code/core/Mage/Core/Block/Template.php(272): Mage_Core_Block_Template->fetchView('frontend/defaul...')
#34 /Applications/MAMP/htdocs/ziente/app/code/core/Mage/Core/Block/Template.php(286): Mage_Core_Block_Template->renderView()
#35 /Applications/MAMP/htdocs/ziente/app/code/core/Mage/Core/Block/Abstract.php(919): Mage_Core_Block_Template->_toHtml()
#36 /Applications/MAMP/htdocs/ziente/app/code/core/Mage/Core/Model/Layout.php(555): Mage_Core_Block_Abstract->toHtml()
#37 /Applications/MAMP/htdocs/ziente/app/code/core/Mage/Core/Controller/Varien/Action.php(390): Mage_Core_Model_Layout->getOutput()
#38 /Applications/MAMP/htdocs/ziente/app/code/core/Mage/Cms/Helper/Page.php(137): Mage_Core_Controller_Varien_Action->renderLayout()
#39 /Applications/MAMP/htdocs/ziente/app/code/core/Mage/Cms/Helper/Page.php(52): Mage_Cms_Helper_Page->_renderPage(Object(Mage_Cms_PageController), '10')
#40 /Applications/MAMP/htdocs/ziente/app/code/core/Mage/Cms/controllers/PageController.php(45): Mage_Cms_Helper_Page->renderPage(Object(Mage_Cms_PageController), '10')
#41 /Applications/MAMP/htdocs/ziente/app/code/core/Mage/Core/Controller/Varien/Action.php(418): Mage_Cms_PageController->viewAction()
#42 /Applications/MAMP/htdocs/ziente/app/code/core/Mage/Core/Controller/Varien/Router/Standard.php(250): Mage_Core_Controller_Varien_Action->dispatch('view')
#43 /Applications/MAMP/htdocs/ziente/app/code/core/Mage/Core/Controller/Varien/Front.php(172): Mage_Core_Controller_Varien_Router_Standard->match(Object(Mage_Core_Controller_Request_Http))
#44 /Applications/MAMP/htdocs/ziente/app/code/core/Mage/Core/Model/App.php(354): Mage_Core_Controller_Varien_Front->dispatch()
#45 /Applications/MAMP/htdocs/ziente/app/Mage.php(684): Mage_Core_Model_App->run(Array)
#46 /Applications/MAMP/htdocs/ziente/index.php(87): Mage::run('', 'store')
#47 {main}
